This is pdfTeX, Version 3.1415926-2.4-1.40.13 (MiKTeX 2.9) (preloaded format=pdflatex 2013.9.16)  28 JAN 2014 14:25
entering extended mode
**document.tex
(C:\Users\ekupiain\git\Diplomirepo\ICSEWorkshop\document.tex
LaTeX2e <2011/06/27>
Babel <v3.8m> and hyphenation patterns for english, afrikaans, ancientgreek, ar
abic, armenian, assamese, basque, bengali, bokmal, bulgarian, catalan, coptic, 
croatian, czech, danish, dutch, esperanto, estonian, farsi, finnish, french, ga
lician, german, german-x-2012-05-30, greek, gujarati, hindi, hungarian, iceland
ic, indonesian, interlingua, irish, italian, kannada, kurmanji, latin, latvian,
 lithuanian, malayalam, marathi, mongolian, mongolianlmc, monogreek, ngerman, n
german-x-2012-05-30, nynorsk, oriya, panjabi, pinyin, polish, portuguese, roman
ian, russian, sanskrit, serbian, slovak, slovenian, spanish, swedish, swissgerm
an, tamil, telugu, turkish, turkmen, ukenglish, ukrainian, uppersorbian, usengl
ishmax, welsh, loaded.
(C:\Users\ekupiain\git\Diplomirepo\ICSEWorkshop\sig-alternate.cls
(C:\miktex\tex\latex\graphics\epsfig.sty
Package: epsfig 1999/02/16 v1.7a (e)psfig emulation (SPQR)

(C:\miktex\tex\latex\graphics\graphicx.sty
Package: graphicx 1999/02/16 v1.0f Enhanced LaTeX Graphics (DPC,SPQR)

(C:\miktex\tex\latex\graphics\keyval.sty
Package: keyval 1999/03/16 v1.13 key=value parser (DPC)
\KV@toks@=\toks14
)
(C:\miktex\tex\latex\graphics\graphics.sty
Package: graphics 2009/02/05 v1.0o Standard LaTeX Graphics (DPC,SPQR)

(C:\miktex\tex\latex\graphics\trig.sty
Package: trig 1999/03/16 v1.09 sin cos tan (DPC)
)
(C:\miktex\tex\latex\00miktex\graphics.cfg
File: graphics.cfg 2007/01/18 v1.5 graphics configuration of teTeX/TeXLive
)
Package graphics Info: Driver file: pdftex.def on input line 91.

(C:\miktex\tex\latex\pdftex-def\pdftex.def
File: pdftex.def 2011/05/27 v0.06d Graphics/color for pdfTeX

(C:\miktex\tex\generic\oberdiek\infwarerr.sty
Package: infwarerr 2010/04/08 v1.3 Providing info/warning/error messages (HO)
)
(C:\miktex\tex\generic\oberdiek\ltxcmds.sty
Package: ltxcmds 2011/11/09 v1.22 LaTeX kernel commands for general use (HO)
)
\Gread@gobject=\count79
))
\Gin@req@height=\dimen102
\Gin@req@width=\dimen103
)
\epsfxsize=\dimen104
\epsfysize=\dimen105
)
(C:\miktex\tex\latex\amsfonts\amssymb.sty
Package: amssymb 2013/01/14 v3.01 AMS font symbols

(C:\miktex\tex\latex\amsfonts\amsfonts.sty
Package: amsfonts 2013/01/14 v3.01 Basic AMSFonts support
\@emptytoks=\toks15
\symAMSa=\mathgroup4
\symAMSb=\mathgroup5
LaTeX Font Info:    Overwriting math alphabet `\mathfrak' in version `bold'
(Font)                  U/euf/m/n --> U/euf/b/n on input line 106.
))
(C:\miktex\tex\latex\amsmath\amsmath.sty
Package: amsmath 2013/01/14 v2.14 AMS math features
\@mathmargin=\skip41

For additional information on amsmath, use the `?' option.
(C:\miktex\tex\latex\amsmath\amstext.sty
Package: amstext 2000/06/29 v2.01

(C:\miktex\tex\latex\amsmath\amsgen.sty
File: amsgen.sty 1999/11/30 v2.0
\@emptytoks=\toks16
\ex@=\dimen106
))
(C:\miktex\tex\latex\amsmath\amsbsy.sty
Package: amsbsy 1999/11/29 v1.2d
\pmbraise@=\dimen107
)
(C:\miktex\tex\latex\amsmath\amsopn.sty
Package: amsopn 1999/12/14 v2.01 operator names
)
\inf@bad=\count80
LaTeX Info: Redefining \frac on input line 210.
\uproot@=\count81
\leftroot@=\count82
LaTeX Info: Redefining \overline on input line 306.
\classnum@=\count83
\DOTSCASE@=\count84
LaTeX Info: Redefining \ldots on input line 378.
LaTeX Info: Redefining \dots on input line 381.
LaTeX Info: Redefining \cdots on input line 466.
\Mathstrutbox@=\box26
\strutbox@=\box27
\big@size=\dimen108
LaTeX Font Info:    Redeclaring font encoding OML on input line 566.
LaTeX Font Info:    Redeclaring font encoding OMS on input line 567.
\macc@depth=\count85
\c@MaxMatrixCols=\count86
\dotsspace@=\muskip10
\c@parentequation=\count87
\dspbrk@lvl=\count88
\tag@help=\toks17
\row@=\count89
\column@=\count90
\maxfields@=\count91
\andhelp@=\toks18
\eqnshift@=\dimen109
\alignsep@=\dimen110
\tagshift@=\dimen111
\tagwidth@=\dimen112
\totwidth@=\dimen113
\lineht@=\dimen114
\@envbody=\toks19
\multlinegap=\skip42
\multlinetaggap=\skip43
\mathdisplay@stack=\toks20
LaTeX Info: Redefining \[ on input line 2665.
LaTeX Info: Redefining \] on input line 2666.
)
Document Class 'sig-alternate' <23rd. May '12>. Modified by G.K.M. Tobin/Gerry 
Murray
Based in part upon document Style `acmconf' <22 May 89>. Hacked 4/91 by
shivers@cs.cmu.edu, 4/93 by theobald@cs.mcgill.ca
Excerpts were taken from (Journal Style) 'esub2acm.cls'.
****** Bugs/comments/suggestions/technicalities to Gerry Murray -- murray@hq.ac
m.org ******
Questions on the style, SIGS policies, etc. to Adrienne Griscti griscti@acm.org

\footheight=\dimen115
\@maxsep=\dimen116
\@dblmaxsep=\dimen117
\aucount=\count92
\originalaucount=\count93
\auwidth=\dimen118
\auskip=\dimen119
\auskipcount=\count94
\auskip=\dimen120
\allauboxes=\dimen121
\addauthors=\toks21
\addauflag=\count95
\subtitletext=\toks22
\savesection=\count96
\sectioncntr=\count97
\c@figure=\count98
\c@table=\count99
\titleboxnotes=\toks23
\titleboxnoteflag=\count100
Document Class: sig-alternate 2012/05/23 - V2.5 - based on acmproc.cls V1.3 <No
v. 30 '99>
(C:\miktex\tex\latex\base\latexsym.sty
Package: latexsym 1998/08/17 v2.2e Standard LaTeX package (lasy symbols)
\symlasy=\mathgroup6
LaTeX Font Info:    Overwriting symbol font `lasy' in version `bold'
(Font)                  U/lasy/m/n --> U/lasy/b/n on input line 47.
)
\@acmtitlebox=\box28
\titlenotecount=\count101
\tntoks=\toks24
\tntokstwo=\toks25
\tntoksthree=\toks26
\tntoksfour=\toks27
\tntoksfive=\toks28
\catcount=\count102
\copyrightnotice=\toks29
\conf=\toks30
\confinfo=\toks31
\c@part=\count103
\c@section=\count104
\c@subsection=\count105
\c@subsubsection=\count106
\c@paragraph=\count107

Using 'Abbrev' bibliography style
LaTeX Info: Redefining \cite on input line 1211.
\bibindent=\dimen122
\colcntr=\count108
\saveb@x=\box29
\copyrtyr=\toks32
\acmcopyr=\toks33
\boilerplate=\toks34
\copyrightetc=\toks35
(C:\miktex\tex\latex\base\fontenc.sty
Package: fontenc 2005/09/27 v1.99g Standard LaTeX package
 (C:\miktex\tex\latex\base\t1enc.def
File: t1enc.def 2005/09/27 v1.99g Standard LaTeX file
LaTeX Font Info:    Redeclaring font encoding T1 on input line 43.
)
LaTeX Font Info:    Try loading font information for T1+aer on input line 100.

(C:\miktex\tex\latex\ae\t1aer.fd
File: t1aer.fd 1997/11/16 Font definitions for T1/aer.
))) (C:\miktex\tex\latex\hyperref\nameref.sty
Package: nameref 2012/10/27 v2.43 Cross-referencing by name of section

(C:\miktex\tex\latex\oberdiek\refcount.sty
Package: refcount 2011/10/16 v3.4 Data extraction from label references (HO)
)
(C:\miktex\tex\generic\oberdiek\gettitlestring.sty
Package: gettitlestring 2010/12/03 v1.4 Cleanup title references (HO)

(C:\miktex\tex\latex\oberdiek\kvoptions.sty
Package: kvoptions 2011/06/30 v3.11 Key value format for package options (HO)

(C:\miktex\tex\generic\oberdiek\kvsetkeys.sty
Package: kvsetkeys 2012/04/25 v1.16 Key value parser (HO)

(C:\miktex\tex\generic\oberdiek\etexcmds.sty
Package: etexcmds 2011/02/16 v1.5 Avoid name clashes with e-TeX commands (HO)

(C:\miktex\tex\generic\oberdiek\ifluatex.sty
Package: ifluatex 2010/03/01 v1.3 Provides the ifluatex switch (HO)
Package ifluatex Info: LuaTeX not detected.
)
Package etexcmds Info: Could not find \expanded.
(etexcmds)             That can mean that you are not using pdfTeX 1.50 or
(etexcmds)             that some package has redefined \expanded.
(etexcmds)             In the latter case, load this package earlier.
))))
\c@section@level=\count109
LaTeX Info: Redefining \ref on input line 353.
LaTeX Info: Redefining \pageref on input line 353.
)
(C:\miktex\tex\latex\graphics\color.sty
Package: color 2005/11/14 v1.0j Standard LaTeX Color (DPC)
 (C:\miktex\tex\latex\00miktex\color.cfg
File: color.cfg 2007/01/18 v1.5 color configuration of teTeX/TeXLive
)
Package color Info: Driver file: pdftex.def on input line 130.
) ("C:\Program Files (x86)\MiKTeX 2.9\tex\latex\cleveref\cleveref.sty"
Package: cleveref 2013/12/28 v0.19 Intelligent cross-referencing
)
("C:\Program Files (x86)\MiKTeX 2.9\tex\latex\booktabs\booktabs.sty"
Package: booktabs 2005/04/14 v1.61803 publication quality tables
\heavyrulewidth=\dimen123
\lightrulewidth=\dimen124
\cmidrulewidth=\dimen125
\belowrulesep=\dimen126
\belowbottomsep=\dimen127
\aboverulesep=\dimen128
\abovetopsep=\dimen129
\cmidrulesep=\dimen130
\cmidrulekern=\dimen131
\defaultaddspace=\dimen132
\@cmidla=\count110
\@cmidlb=\count111
\@aboverulesep=\dimen133
\@belowrulesep=\dimen134
\@thisruleclass=\count112
\@lastruleclass=\count113
\@thisrulewidth=\dimen135
)
("C:\Program Files (x86)\MiKTeX 2.9\tex\latex\comment\comment.sty"
\CommentStream=\write3

Excluding comment 'comment')
(C:\Users\ekupiain\git\Diplomirepo\ICSEWorkshop\document.aux

LaTeX Warning: Label `tab:addlabel' multiply defined.


LaTeX Warning: Label `tab:addlabel@cref' multiply defined.


LaTeX Warning: Label `tab:addlabel' multiply defined.


LaTeX Warning: Label `tab:addlabel@cref' multiply defined.

)
LaTeX Font Info:    Checking defaults for OML/cmm/m/it on input line 63.
LaTeX Font Info:    ... okay on input line 63.
LaTeX Font Info:    Checking defaults for T1/cmr/m/n on input line 63.
LaTeX Font Info:    ... okay on input line 63.
LaTeX Font Info:    Checking defaults for OT1/cmr/m/n on input line 63.
LaTeX Font Info:    ... okay on input line 63.
LaTeX Font Info:    Checking defaults for OMS/cmsy/m/n on input line 63.
LaTeX Font Info:    ... okay on input line 63.
LaTeX Font Info:    Checking defaults for OMX/cmex/m/n on input line 63.
LaTeX Font Info:    ... okay on input line 63.
LaTeX Font Info:    Checking defaults for U/cmr/m/n on input line 63.
LaTeX Font Info:    ... okay on input line 63.
 ("C:\Program Files (x86)\MiKTeX 2.9\tex\context\base\supp-pdf.mkii"
[Loading MPS to PDF converter (version 2006.09.02).]
\scratchcounter=\count114
\scratchdimen=\dimen136
\scratchbox=\box30
\nofMPsegments=\count115
\nofMParguments=\count116
\everyMPshowfont=\toks36
\MPscratchCnt=\count117
\MPscratchDim=\dimen137
\MPnumerator=\count118
\makeMPintoPDFobject=\count119
\everyMPtoPDFconversion=\toks37
)
LaTeX Font Info:    Try loading font information for U+msa on input line 155.
 (C:\miktex\tex\latex\amsfonts\umsa.fd
File: umsa.fd 2013/01/14 v3.01 AMS symbols A
)
LaTeX Font Info:    Try loading font information for U+msb on input line 155.
 (C:\miktex\tex\latex\amsfonts\umsb.fd
File: umsb.fd 2013/01/14 v3.01 AMS symbols B
)
LaTeX Font Info:    Try loading font information for U+lasy on input line 155.
(C:\miktex\tex\latex\base\ulasy.fd
File: ulasy.fd 1998/08/17 v2.2e LaTeX symbol font definitions
)
Overfull \hbox (4.67418pt too wide) in paragraph at lines 157--167
\T1/aer/m/n/9 Iden-ti-fy-ing pro-cess problems[], Pre-release quality[], Post-r
elease
 []


Overfull \hbox (1.26794pt too wide) in paragraph at lines 171--172
[]\T1/aer/m/n/9 H.4 [\T1/aer/bx/n/9 Information Sys-tems Ap-pli-ca-tions\T1/aer
/m/n/9 ]: Mis-cel-la-neous;
 []

LaTeX Font Info:    Try loading font information for T1+aess on input line 183.

(C:\miktex\tex\latex\ae\t1aess.fd
File: t1aess.fd 1997/11/16 Font definitions for T1/aess.
)
LaTeX Font Info:    Font shape `T1/aess/m/it' in size <8> not available
(Font)              Font shape `T1/aess/m/sl' tried instead on input line 183.
 [1{C:/Users/ekupiain/AppData/Local/MiKTeX/2.9/pdftex/config/pdftex.map}


]
Overfull \hbox (28.82076pt too wide) in paragraph at lines 457--472
\T1/aer/m/n/9 eval-u-ate the qual-ity of each pri-mary doc-u-ment. []$\U/msa/m/
n/8 I$[]\T1/aess/m/sl/8 relevancy
 []


LaTeX Warning: Reference `OverviewOfPdocs' on page \thepage  undefined on input
 line 486.

[2] [3]
Overfull \hbox (3.81126pt too wide) in paragraph at lines 785--803
\T1/aess/m/sl/8 metri-ikan k‰yt-t‰mi-nen eten-e-misenseu-ran-taan on ep‰agiilia
->ongelmia
 []


Overfull \hbox (3.45264pt too wide) in paragraph at lines 814--827
[][]\T1/aer/m/n/9 When there were prob-lems that needed to be fixed, whether
 []


Overfull \hbox (7.81578pt too wide) in paragraph at lines 848--856
\T1/aess/m/sl/8 WIP limit est‰ poimasta sit‰ mieluis-inta teht‰v‰‰, vaikka tark
e‰mpi‰kin
 []

[4]
Overfull \hbox (31.63667pt too wide) in paragraph at lines 932--938
[][][]$\U/msa/m/n/8 I$[]\T1/aess/m/sl/8 ehk‰ hie-man en-em-m‰n voisi pal-jas-ta
a[]$\U/msa/m/n/8 J$  []$I$[]\T1/aess/m/sl/8 avattu[]$\U/msa/m/n/8 J$
 []

[5] (C:\Users\ekupiain\git\Diplomirepo\ICSEWorkshop\document.bbl [6]
Underfull \vbox (badness 10000) has occurred while \output is active []


Underfull \vbox (badness 10000) has occurred while \output is active []

 [7])
Overfull \hbox (2.24632pt too wide) in paragraph at lines 1254--1260
[][]\T1/aer/m/n/9 TITLE-ABS-KEY(software AND (ag-ile OR lean OR "crys-
 []


Overfull \hbox (2.24632pt too wide) in paragraph at lines 1267--1277
[][]\T1/aer/m/n/9 TITLE-ABS-KEY(software AND (ag-ile OR lean OR "crys-
 []


Overfull \hbox (6.1274pt too wide) in paragraph at lines 1267--1277
\T1/aer/m/n/9 mon-i-tor*)) AND (LIMIT-TO(LANGUAGE, "En-glish")) AND
 []


Overfull \hbox (6.26172pt too wide) in paragraph at lines 1267--1277
\T1/aer/m/n/9 (LIMIT-TO(SUBJAREA, "ENGI")) AND (EX-CLUDE (SUB-
 []


Overfull \hbox (7.53004pt too wide) in paragraph at lines 1267--1277
\T1/aer/m/n/9 OR EX-CLUDE(SUBJAREA,"MATE") OR EX-CLUDE (SUB-
 []


Overfull \hbox (5.45984pt too wide) in paragraph at lines 1267--1277
\T1/aer/m/n/9 OR EX-CLUDE(SUBJAREA, "ENVI") OR EX-CLUDE (SUB-
 []


Overfull \hbox (2.24632pt too wide) in paragraph at lines 1282--1289
[][]\T1/aer/m/n/9 TITLE-ABS-KEY(software AND (ag-ile OR lean OR "crys-
 []


Overfull \hbox (6.1274pt too wide) in paragraph at lines 1282--1289
\T1/aer/m/n/9 mon-i-tor*)) AND (LIMIT-TO(LANGUAGE, "En-glish")) AND
 []


Overfull \hbox (4.38976pt too wide) in paragraph at lines 1282--1289
\T1/aer/m/n/9 (LIMIT-TO(SUBJAREA, "BUSI")) AND (EX-CLUDE (SUB-
 []

[8] [9

] (C:\Users\ekupiain\git\Diplomirepo\ICSEWorkshop\document.aux)

LaTeX Warning: There were undefined references.


LaTeX Warning: There were multiply-defined labels.

 ) 
Here is how much of TeX's memory you used:
 4512 strings out of 493921
 70141 string characters out of 3154491
 169106 words of memory out of 3000000
 7710 multiletter control sequences out of 15000+200000
 62149 words of font info for 87 fonts, out of 3000000 for 9000
 841 hyphenation exceptions out of 8191
 42i,11n,28p,470b,267s stack positions out of 5000i,500n,10000p,200000b,50000s
{C:/miktex/fonts/enc/dvips/fontname/8r.enc}<C:/miktex/fonts/type1/public/amsf
onts/cm/cmbx9.pfb><C:/miktex/fonts/type1/public/amsfonts/cm/cmmi8.pfb><C:/mikte
x/fonts/type1/public/amsfonts/cm/cmr6.pfb><C:/miktex/fonts/type1/public/amsfont
s/cm/cmr9.pfb><C:/miktex/fonts/type1/public/amsfonts/cm/cmssbx10.pfb><C:/miktex
/fonts/type1/public/amsfonts/cm/cmssi8.pfb><C:/miktex/fonts/type1/public/amsfon
ts/cm/cmsy9.pfb><C:/miktex/fonts/type1/public/amsfonts/cm/cmti9.pfb><C:/miktex/
fonts/type1/public/amsfonts/symbols/msam10.pfb><C:/miktex/fonts/type1/urw/helve
tic/uhvb8a.pfb><C:/miktex/fonts/type1/urw/helvetic/uhvr8a.pfb><C:/miktex/fonts/
type1/urw/times/utmb8a.pfb><C:/miktex/fonts/type1/urw/times/utmr8a.pfb><C:/mikt
ex/fonts/type1/urw/times/utmri8a.pfb>
Output written on document.pdf (9 pages, 225208 bytes).
PDF statistics:
 89 PDF objects out of 1000 (max. 8388607)
 0 named destinations out of 1000 (max. 500000)
 1 words of extra memory for PDF output out of 10000 (max. 10000000)

